<?xml version="1.0" encoding="UTF-8"?>
<!-- Generated by org.testng.reporters.JUnitXMLReporter -->
<testsuite ignored="0" hostname="DESKTOP-SHCQ8NV" failures="1" tests="1" name="Default test" time="17.751" errors="0" timestamp="10 Oct 2021 02:46:40 GMT">
  <testcase classname="io.cucumber.testng.AbstractTestNGCucumberTests" name="runScenario" time="15.745">
    <failure type="java.lang.NullPointerException">
      <![CDATA[java.lang.NullPointerException
at java.base/java.util.Objects.requireNonNull(Objects.java:208)
at org.openqa.selenium.support.ui.FluentWait.<init>(FluentWait.java:106)
at org.openqa.selenium.support.ui.WebDriverWait.<init>(WebDriverWait.java:85)
at org.openqa.selenium.support.ui.WebDriverWait.<init>(WebDriverWait.java:45)
at com.ny.utility.WaitHelper.WaitForElement(WaitHelper.java:24)
at com.ny.spepdefinatinos.SteodefinationClass.user_able_to_click_on_the_login_button(SteodefinationClass.java:52)
at ✽.User able to click on the login button(file:///C:/Users/skipt/eclipse-workspace/ProblemBDD/Features/LoginFunction.feature:10)
]]>
    </failure>
  </testcase> <!-- runScenario -->
</testsuite> <!-- Default test -->
