<?xml version="1.0" encoding="UTF-8"?>
<!-- Generated by org.testng.reporters.JUnitXMLReporter -->
<testsuite ignored="0" hostname="DESKTOP-SHCQ8NV" failures="1" tests="1" name="Nopackage" time="0.722" errors="0" timestamp="09 Oct 2021 01:00:57 GMT">
  <testcase classname="io.cucumber.testng.AbstractTestNGCucumberTests" name="runScenario" time="0.188">
    <failure type="java.lang.NullPointerException" message="Cannot invoke &amp;quot;String.equals(Object)&amp;quot; because &amp;quot;browserName&amp;quot; is null">
      <![CDATA[java.lang.NullPointerException: Cannot invoke "String.equals(Object)" because "browserName" is null
at com.ny.basepase.SupperBaseClass.setUpOrInitialization(SupperBaseClass.java:48)
at com.ny.spepdefinatinos.SteodefinationClass.user_can_open_any_browser(SteodefinationClass.java:27)
at ✽.User can open any browser(file:///C:/Users/skipt/eclipse-workspace/ProblemBDD/./Features/LoginFunction.feature:8)
]]>
    </failure>
  </testcase> <!-- runScenario -->
</testsuite> <!-- Nopackage -->
