<?xml version="1.0" encoding="UTF-8"?>
<testng-results ignored="0" total="1" passed="0" failed="1" skipped="0">
  <reporter-output>
  </reporter-output>
  <suite started-at="2021-10-09T01:00:56Z" name="Suite1" finished-at="2021-10-09T01:00:57Z" duration-ms="722">
    <groups>
      <group name="cucumber">
        <method signature="AbstractTestNGCucumberTests.runScenario(io.cucumber.testng.PickleWrapper, io.cucumber.testng.FeatureWrapper)[pri:0, instance:com.ny.myrunner.MyRunnerClass@2826f61]" name="runScenario" class="io.cucumber.testng.AbstractTestNGCucumberTests"/>
      </group> <!-- cucumber -->
    </groups>
    <test started-at="2021-10-09T01:00:56Z" name="Nopackage" finished-at="2021-10-09T01:00:57Z" duration-ms="722">
      <class name="com.ny.myrunner.MyRunnerClass">
        <test-method is-config="true" signature="setUpClass()[pri:0, instance:com.ny.myrunner.MyRunnerClass@2826f61]" started-at="2021-10-09T01:00:56Z" name="setUpClass" finished-at="2021-10-09T01:00:57Z" duration-ms="398" status="PASS">
          <reporter-output>
          </reporter-output>
        </test-method> <!-- setUpClass -->
        <test-method signature="runScenario(io.cucumber.testng.PickleWrapper, io.cucumber.testng.FeatureWrapper)[pri:0, instance:com.ny.myrunner.MyRunnerClass@2826f61]" started-at="2021-10-09T01:00:57Z" name="runScenario" description="Runs Cucumber Scenarios" data-provider="scenarios" finished-at="2021-10-09T01:00:57Z" duration-ms="188" status="FAIL">
          <params>
            <param index="0">
              <value>
                <![CDATA["User login with valid username & verify the page title"]]>
              </value>
            </param>
            <param index="1">
              <value>
                <![CDATA["Optional[User able to login with valid username & password]"]]>
              </value>
            </param>
          </params>
          <exception class="java.lang.NullPointerException">
            <message>
              <![CDATA[Cannot invoke "String.equals(Object)" because "browserName" is null]]>
            </message>
            <full-stacktrace>
              <![CDATA[java.lang.NullPointerException: Cannot invoke "String.equals(Object)" because "browserName" is null
at com.ny.basepase.SupperBaseClass.setUpOrInitialization(SupperBaseClass.java:48)
at com.ny.spepdefinatinos.SteodefinationClass.user_can_open_any_browser(SteodefinationClass.java:27)
at ✽.User can open any browser(file:///C:/Users/skipt/eclipse-workspace/ProblemBDD/./Features/LoginFunction.feature:8)
]]>
            </full-stacktrace>
          </exception> <!-- java.lang.NullPointerException -->
          <reporter-output>
          </reporter-output>
        </test-method> <!-- runScenario -->
        <test-method is-config="true" signature="tearDownClass()[pri:0, instance:com.ny.myrunner.MyRunnerClass@2826f61]" started-at="2021-10-09T01:00:57Z" name="tearDownClass" finished-at="2021-10-09T01:00:57Z" duration-ms="107" status="PASS">
          <reporter-output>
          </reporter-output>
        </test-method> <!-- tearDownClass -->
      </class> <!-- com.ny.myrunner.MyRunnerClass -->
    </test> <!-- Nopackage -->
  </suite> <!-- Suite1 -->
</testng-results>
