<?xml version="1.0" encoding="UTF-8"?>
<testng-results ignored="0" total="1" passed="1" failed="0" skipped="0">
  <reporter-output>
  </reporter-output>
  <suite started-at="2021-10-16T05:11:13Z" name="Suite1" finished-at="2021-10-16T05:11:26Z" duration-ms="13281">
    <groups>
      <group name="cucumber">
        <method signature="AbstractTestNGCucumberTests.runScenario(io.cucumber.testng.PickleWrapper, io.cucumber.testng.FeatureWrapper)[pri:0, instance:com.ny.myrunner.MyRunnerClass@4b6690c0]" name="runScenario" class="io.cucumber.testng.AbstractTestNGCucumberTests"/>
      </group> <!-- cucumber -->
    </groups>
    <test started-at="2021-10-16T05:11:13Z" name="Nopackage" finished-at="2021-10-16T05:11:26Z" duration-ms="13281">
      <class name="com.ny.myrunner.MyRunnerClass">
        <test-method is-config="true" signature="setUpClass()[pri:0, instance:com.ny.myrunner.MyRunnerClass@4b6690c0]" started-at="2021-10-16T05:11:13Z" name="setUpClass" finished-at="2021-10-16T05:11:13Z" duration-ms="402" status="PASS">
          <reporter-output>
          </reporter-output>
        </test-method> <!-- setUpClass -->
        <test-method signature="runScenario(io.cucumber.testng.PickleWrapper, io.cucumber.testng.FeatureWrapper)[pri:0, instance:com.ny.myrunner.MyRunnerClass@4b6690c0]" started-at="2021-10-16T05:11:13Z" name="runScenario" description="Runs Cucumber Scenarios" data-provider="scenarios" finished-at="2021-10-16T05:11:26Z" duration-ms="12551" status="PASS">
          <params>
            <param index="0">
              <value>
                <![CDATA["User login with valid username & verify the page title"]]>
              </value>
            </param>
            <param index="1">
              <value>
                <![CDATA["Optional[User able to login with valid username & password]"]]>
              </value>
            </param>
          </params>
          <reporter-output>
          </reporter-output>
        </test-method> <!-- runScenario -->
        <test-method is-config="true" signature="tearDownClass()[pri:0, instance:com.ny.myrunner.MyRunnerClass@4b6690c0]" started-at="2021-10-16T05:11:26Z" name="tearDownClass" finished-at="2021-10-16T05:11:26Z" duration-ms="296" status="PASS">
          <reporter-output>
          </reporter-output>
        </test-method> <!-- tearDownClass -->
      </class> <!-- com.ny.myrunner.MyRunnerClass -->
    </test> <!-- Nopackage -->
  </suite> <!-- Suite1 -->
</testng-results>
