<?xml version="1.0" encoding="UTF-8"?>
<!-- Generated by org.testng.reporters.JUnitReportReporter -->
<testsuite hostname="DESKTOP-SHCQ8NV" failures="0" tests="1" name="com.ny.myrunner.MyRunnerClass" time="0.188" errors="1" timestamp="09 Oct 2021 01:00:57 GMT" skipped="0">
  <testcase classname="com.ny.myrunner.MyRunnerClass" name="runScenario" time="0.188">
    <error message="Cannot invoke &quot;String.equals(Object)&quot; because &quot;browserName&quot; is null" type="java.lang.NullPointerException">
      <![CDATA[java.lang.NullPointerException: Cannot invoke "String.equals(Object)" because "browserName" is null
at com.ny.basepase.SupperBaseClass.setUpOrInitialization(SupperBaseClass.java:48)
at com.ny.spepdefinatinos.SteodefinationClass.user_can_open_any_browser(SteodefinationClass.java:27)
at ✽.User can open any browser(file:///C:/Users/skipt/eclipse-workspace/ProblemBDD/./Features/LoginFunction.feature:8)
]]>
    </error>
  </testcase> <!-- runScenario -->
</testsuite> <!-- com.ny.myrunner.MyRunnerClass -->
